<?xml version="1.0" encoding="UTF-8"?>
<!-- Generated by org.testng.reporters.JUnitXMLReporter -->
<testsuite hostname="RPIPL-NB-MGR050" name="PWLogin" tests="2" failures="1" timestamp="4 Mar 2015 15:02:22 GMT" time="110.375" errors="0">
  <testcase name="pwTestScenario1" time="49.672" classname="com.rp.pw.test.cases.PWTC1"/>
  <testcase name="pwTestScenario1" time="37.244" classname="com.rp.pw.test.cases.PWTC1">
    <failure type="atu.testng.reports.exceptions.ATUReporterStepFailedException">
      <![CDATA[[ATU Custom Reporter Step Failed Exception]
	at atu.testng.reports.listeners.ATUReportsListener.onTestSuccess(Unknown Source)
	at java.util.concurrent.ThreadPoolExecutor.runWorker(Unknown Source)
	at java.util.concurrent.ThreadPoolExecutor$Worker.run(Unknown Source)
	at java.lang.Thread.run(Unknown Source)
... Removed 7 stack frames]]>
    </failure>
  </testcase> <!-- pwTestScenario1 -->
</testsuite> <!-- PWLogin -->
