<?xml version="1.0" encoding="UTF-8"?>
<!-- Generated by org.testng.reporters.JUnitXMLReporter -->
<testsuite hostname="RPIPL-NB-MGR050" name="PWLogin" tests="3" failures="3" timestamp="24 Nov 2014 11:51:39 GMT" time="75.219" errors="0">
  <testcase name="pwLoginFunctionality" time="22.549" classname="com.rp.pw.scripts.PWLogin">
    <failure type="java.lang.NullPointerException">
      <![CDATA[java.lang.NullPointerException
	at com.rp.automation.framework.Page.waitForPageElement(Page.java:92)
	at com.rp.pw.pages.PWLoginPage.WaitForLogin(PWLoginPage.java:81)
	at com.rp.pw.scripts.PWLogin.pwLoginFunctionality(PWLogin.java:54)
	at java.util.concurrent.FutureTask.run(Unknown Source)
	at java.util.concurrent.Executors$RunnableAdapter.call(Unknown Source)
	at java.util.concurrent.FutureTask.run(Unknown Source)
	at java.util.concurrent.ThreadPoolExecutor.runWorker(Unknown Source)
	at java.util.concurrent.ThreadPoolExecutor$Worker.run(Unknown Source)
	at java.lang.Thread.run(Unknown Source)
... Removed 9 stack frames]]>
    </failure>
  </testcase> <!-- pwLoginFunctionality -->
  <testcase name="pwLoginFunctionality" time="12.224" classname="com.rp.pw.scripts.PWLogin">
    <failure type="java.lang.NullPointerException">
      <![CDATA[java.lang.NullPointerException
	at com.rp.automation.framework.Page.waitForPageElement(Page.java:92)
	at com.rp.pw.pages.PWLoginPage.WaitForLogin(PWLoginPage.java:81)
	at com.rp.pw.scripts.PWLogin.pwLoginFunctionality(PWLogin.java:54)
	at java.util.concurrent.FutureTask.run(Unknown Source)
	at java.util.concurrent.Executors$RunnableAdapter.call(Unknown Source)
	at java.util.concurrent.FutureTask.run(Unknown Source)
	at java.util.concurrent.ThreadPoolExecutor.runWorker(Unknown Source)
	at java.util.concurrent.ThreadPoolExecutor$Worker.run(Unknown Source)
	at java.lang.Thread.run(Unknown Source)
... Removed 9 stack frames]]>
    </failure>
  </testcase> <!-- pwLoginFunctionality -->
  <testcase name="pwLoginFunctionality" time="27.277" classname="com.rp.pw.scripts.PWLogin">
    <failure type="java.lang.NullPointerException">
      <![CDATA[java.lang.NullPointerException
	at com.rp.automation.framework.Page.waitForPageElement(Page.java:92)
	at com.rp.pw.pages.PWLoginPage.WaitForLogin(PWLoginPage.java:81)
	at com.rp.pw.scripts.PWLogin.pwLoginFunctionality(PWLogin.java:54)
	at java.util.concurrent.FutureTask.run(Unknown Source)
	at java.util.concurrent.Executors$RunnableAdapter.call(Unknown Source)
	at java.util.concurrent.FutureTask.run(Unknown Source)
	at java.util.concurrent.ThreadPoolExecutor.runWorker(Unknown Source)
	at java.util.concurrent.ThreadPoolExecutor$Worker.run(Unknown Source)
	at java.lang.Thread.run(Unknown Source)
... Removed 9 stack frames]]>
    </failure>
  </testcase> <!-- pwLoginFunctionality -->
</testsuite> <!-- PWLogin -->
